<?xml version="1.0" encoding="UTF-8"?>
<robot generator="Robot 7.1.1 (Python 3.13.2 on win32)" generated="2025-04-02T19:30:02.518043" rpa="false" schemaversion="5">
<suite id="s1" name="Login" source="c:\git\QaCoders\Quality_Eagles\Robot_Front\tests\login.robot">
<kw name="Abrir Navegador" owner="navigation_resource" type="SETUP">
<kw name="Open Browser" owner="SeleniumLibrary">
<msg time="2025-04-02T19:30:03.210914" level="INFO">Opening browser 'chrome' to base url 'https://quality-eagles-front.qacoders.dev.br/login'.</msg>
<arg>url=${url}</arg>
<arg>browser=${browser}</arg>
<arg>options=add_experimental_option("detach", True)</arg>
<doc>Opens a new browser instance to the optional ``url``.</doc>
<status status="PASS" start="2025-04-02T19:30:03.208299" elapsed="7.181514"/>
</kw>
<arg>url=${LOGIN.url}${LOGIN.endpoint}</arg>
<doc>Abre o navegador na página especificada</doc>
<status status="PASS" start="2025-04-02T19:30:03.191959" elapsed="7.198244"/>
</kw>
<test id="s1-t1" name="TC02 - Realizar login com senha inválida" line="14">
<kw name="Realizar login sem sucesso" owner="login_resources">
<kw name="Input Text" owner="SeleniumLibrary">
<msg time="2025-04-02T19:30:10.438936" level="INFO">Typing text 'sysadmin@qacoders.com' into text field 'id:email'.</msg>
<arg>id:email</arg>
<arg>${mail}</arg>
<doc>Types the given ``text`` into the text field identified by ``locator``.</doc>
<status status="PASS" start="2025-04-02T19:30:10.433211" elapsed="0.564582"/>
</kw>
<kw name="Input Password" owner="SeleniumLibrary">
<msg time="2025-04-02T19:30:10.998967" level="INFO">Typing password into text field 'id:password'.</msg>
<msg time="2025-04-02T19:30:11.079889" level="INFO">Temporally setting log level to: NONE</msg>
<arg>id:password</arg>
<arg>${password}</arg>
<doc>Types the given password into the text field identified by ``locator``.</doc>
<status status="PASS" start="2025-04-02T19:30:10.998382" elapsed="0.215329"/>
</kw>
<kw name="Click Button" owner="SeleniumLibrary">
<msg time="2025-04-02T19:30:11.214741" level="INFO">Clicking button 'class:css-1ucues4'.</msg>
<arg>class:css-1ucues4</arg>
<doc>Clicks the button identified by ``locator``.</doc>
<status status="PASS" start="2025-04-02T19:30:11.214274" elapsed="0.167014"/>
</kw>
<kw name="Wait Until Element Is Visible" owner="SeleniumLibrary">
<arg>class:MuiAlert-standardError</arg>
<doc>Waits until the element ``locator`` is visible.</doc>
<status status="PASS" start="2025-04-02T19:30:11.381720" elapsed="0.252104"/>
</kw>
<kw name="Wait Until Element Contains" owner="SeleniumLibrary">
<arg>locator=class:MuiAlert-standardError</arg>
<arg>text=E</arg>
<doc>Waits until the element ``locator`` contains ``text``.</doc>
<status status="PASS" start="2025-04-02T19:30:11.634580" elapsed="0.051608"/>
</kw>
<kw name="Capture Page Screenshot" owner="SeleniumLibrary">
<msg time="2025-04-02T19:30:11.814301" level="INFO" html="true">&lt;/td&gt;&lt;/tr&gt;&lt;tr&gt;&lt;td colspan="3"&gt;&lt;a href="selenium-screenshot-1.png"&gt;&lt;img src="selenium-screenshot-1.png" width="800px"&gt;&lt;/a&gt;</msg>
<doc>Takes a screenshot of the current page and embeds it into a log file.</doc>
<status status="PASS" start="2025-04-02T19:30:11.686564" elapsed="0.128088"/>
</kw>
<arg>${MAIL}</arg>
<arg>${PASSWORD_INVALID}</arg>
<doc>Keyword usada para testar o login com dados incorretos</doc>
<status status="PASS" start="2025-04-02T19:30:10.432332" elapsed="1.382584"/>
</kw>
<status status="PASS" start="2025-04-02T19:30:10.390908" elapsed="1.431601"/>
</test>
<kw name="Fechar o navegador" owner="navigation_resource" type="TEARDOWN">
<kw name="Close Browser" owner="SeleniumLibrary">
<doc>Closes the current browser.</doc>
<status status="PASS" start="2025-04-02T19:30:11.829226" elapsed="2.445583"/>
</kw>
<doc>Fecha o navegador</doc>
<status status="PASS" start="2025-04-02T19:30:11.828653" elapsed="2.446651"/>
</kw>
<status status="PASS" start="2025-04-02T19:30:02.536017" elapsed="11.739457"/>
</suite>
<statistics>
<total>
<stat pass="1" fail="0" skip="0">All Tests</stat>
</total>
<tag>
</tag>
<suite>
<stat pass="1" fail="0" skip="0" id="s1" name="Login">Login</stat>
</suite>
</statistics>
<errors>
</errors>
</robot>
