<?xml version="1.0" encoding="UTF-8"?>
<robot generator="Robot 7.1.1 (Python 3.13.2 on win32)" generated="2025-04-02T20:26:11.570689" rpa="false" schemaversion="5">
<suite id="s1" name="Login" source="c:\git\QaCoders\Quality_Eagles\Robot_Front\tests\login.robot">
<kw name="Abrir Navegador" owner="navigation_resource" type="SETUP">
<kw name="Open Browser" owner="SeleniumLibrary">
<msg time="2025-04-02T20:26:13.938018" level="INFO">Opening browser 'chrome' to base url 'https://quality-eagles-front.qacoders.dev.br/login'.</msg>
<arg>url=${url}</arg>
<arg>browser=${browser}</arg>
<arg>options=add_argument("--headless")</arg>
<doc>Opens a new browser instance to the optional ``url``.</doc>
<status status="PASS" start="2025-04-02T20:26:13.928491" elapsed="8.632342"/>
</kw>
<arg>url=${LOGIN.url}${LOGIN.endpoint}</arg>
<doc>Abre o navegador na página especificada</doc>
<status status="PASS" start="2025-04-02T20:26:13.905333" elapsed="8.657480"/>
</kw>
<test id="s1-t1" name="TC03 - Realizar login com email inválido" line="18">
<kw name="Realizar login sem sucesso" owner="login_resources">
<kw name="Input Text" owner="SeleniumLibrary">
<msg time="2025-04-02T20:26:22.585144" level="INFO">Typing text 'sysadmin@qacoders.com.br' into text field 'id:email'.</msg>
<arg>id:email</arg>
<arg>${mail}</arg>
<doc>Types the given ``text`` into the text field identified by ``locator``.</doc>
<status status="PASS" start="2025-04-02T20:26:22.580216" elapsed="0.418780"/>
</kw>
<kw name="Input Password" owner="SeleniumLibrary">
<msg time="2025-04-02T20:26:23.004449" level="INFO">Typing password into text field 'id:password'.</msg>
<msg time="2025-04-02T20:26:23.088705" level="INFO">Temporally setting log level to: NONE</msg>
<arg>id:password</arg>
<arg>${password}</arg>
<doc>Types the given password into the text field identified by ``locator``.</doc>
<status status="PASS" start="2025-04-02T20:26:23.001819" elapsed="0.225997"/>
</kw>
<kw name="Click Button" owner="SeleniumLibrary">
<msg time="2025-04-02T20:26:23.231206" level="INFO">Clicking button 'class:css-1ucues4'.</msg>
<arg>class:css-1ucues4</arg>
<doc>Clicks the button identified by ``locator``.</doc>
<status status="PASS" start="2025-04-02T20:26:23.228985" elapsed="0.228347"/>
</kw>
<kw name="Wait Until Element Is Visible" owner="SeleniumLibrary">
<arg>class:MuiAlert-standardError</arg>
<doc>Waits until the element ``locator`` is visible.</doc>
<status status="PASS" start="2025-04-02T20:26:23.459164" elapsed="0.267152"/>
</kw>
<kw name="Wait Until Element Contains" owner="SeleniumLibrary">
<arg>locator=class:MuiAlert-standardError</arg>
<arg>text=E</arg>
<doc>Waits until the element ``locator`` contains ``text``.</doc>
<status status="PASS" start="2025-04-02T20:26:23.727965" elapsed="0.068442"/>
</kw>
<kw name="Capture Page Screenshot" owner="SeleniumLibrary">
<msg time="2025-04-02T20:26:23.946851" level="INFO" html="true">&lt;/td&gt;&lt;/tr&gt;&lt;tr&gt;&lt;td colspan="3"&gt;&lt;a href="selenium-screenshot-2.png"&gt;&lt;img src="selenium-screenshot-2.png" width="800px"&gt;&lt;/a&gt;</msg>
<doc>Takes a screenshot of the current page and embeds it into a log file.</doc>
<status status="PASS" start="2025-04-02T20:26:23.797630" elapsed="0.150837"/>
</kw>
<arg>${MAIL_INVALID}</arg>
<arg>${PASSWORD}</arg>
<doc>Keyword usada para testar o login com dados incorretos</doc>
<status status="PASS" start="2025-04-02T20:26:22.576026" elapsed="1.375193"/>
</kw>
<status status="PASS" start="2025-04-02T20:26:22.563985" elapsed="1.393709"/>
</test>
<kw name="Fechar o navegador" owner="navigation_resource" type="TEARDOWN">
<kw name="Close Browser" owner="SeleniumLibrary">
<doc>Closes the current browser.</doc>
<status status="PASS" start="2025-04-02T20:26:23.969613" elapsed="2.283382"/>
</kw>
<doc>Fecha o navegador</doc>
<status status="PASS" start="2025-04-02T20:26:23.967189" elapsed="2.286970"/>
</kw>
<status status="PASS" start="2025-04-02T20:26:11.599506" elapsed="14.655294"/>
</suite>
<statistics>
<total>
<stat pass="1" fail="0" skip="0">All Tests</stat>
</total>
<tag>
</tag>
<suite>
<stat pass="1" fail="0" skip="0" id="s1" name="Login">Login</stat>
</suite>
</statistics>
<errors>
</errors>
</robot>
